2026-03-18 01:57:26 | INFO | Starting serial_bridge | PID=12908
2026-03-18 01:57:26 | ERROR | Another instance is already running. PID=9604
2026-03-18 01:57:26 | INFO | Removed lock file: C:\StreamDeck\Arduino\serial_bridge.lock
2026-03-18 01:57:44 | INFO | Starting serial_bridge | PID=11704
2026-03-18 01:57:44 | INFO | Acquired lock: C:\StreamDeck\Arduino\serial_bridge.lock
2026-03-18 01:57:44 | INFO | Trying serial port \\.\COM3 @ 9600
2026-03-18 01:57:44 | WARNING | Failed to open \\.\COM3: could not open port '\\\\.\\COM3': FileNotFoundError(2, 'The system cannot find the file specified.', None, 2)
2026-03-18 01:57:44 | INFO | Trying serial port \\.\COM4 @ 9600
2026-03-18 01:57:46 | INFO | Opened serial port \\.\COM4
2026-03-18 01:57:46 | INFO | Flask server starting on http://127.0.0.1:8787
2026-03-18 01:57:50 | INFO | Sent command='REV' bytes=4 port=\\.\COM4
2026-03-18 01:57:50 | INFO | Sent command='STOP' bytes=5 port=\\.\COM4
2026-03-18 01:57:52 | INFO | Sent command='REV' bytes=4 port=\\.\COM4
2026-03-18 01:57:52 | INFO | Sent command='STOP' bytes=5 port=\\.\COM4
2026-03-18 01:57:53 | INFO | Sent command='REV' bytes=4 port=\\.\COM4
2026-03-18 01:57:54 | INFO | Sent command='STOP' bytes=5 port=\\.\COM4
2026-03-18 01:57:55 | INFO | Sent command='REV' bytes=4 port=\\.\COM4
2026-03-18 01:57:55 | INFO | Sent command='STOP' bytes=5 port=\\.\COM4
2026-03-18 01:57:55 | INFO | Sent command='REV' bytes=4 port=\\.\COM4
2026-03-18 01:57:55 | INFO | Sent command='STOP' bytes=5 port=\\.\COM4
2026-03-18 01:57:56 | INFO | Sent command='REV' bytes=4 port=\\.\COM4
2026-03-18 01:57:56 | INFO | Sent command='STOP' bytes=5 port=\\.\COM4
2026-03-18 01:57:58 | INFO | Sent command='REV' bytes=4 port=\\.\COM4
2026-03-18 01:57:58 | INFO | Sent command='STOP' bytes=5 port=\\.\COM4
2026-03-18 01:58:01 | INFO | Sent command='REV' bytes=4 port=\\.\COM4
2026-03-18 01:58:01 | INFO | Sent command='STOP' bytes=5 port=\\.\COM4
2026-03-18 01:58:02 | INFO | Sent command='REV' bytes=4 port=\\.\COM4
2026-03-18 01:58:02 | INFO | Sent command='STOP' bytes=5 port=\\.\COM4
2026-03-18 01:58:02 | INFO | Sent command='REV' bytes=4 port=\\.\COM4
2026-03-18 01:58:02 | INFO | Sent command='STOP' bytes=5 port=\\.\COM4
2026-03-18 01:58:02 | INFO | Sent command='REV' bytes=4 port=\\.\COM4
2026-03-18 01:58:03 | INFO | Sent command='STOP' bytes=5 port=\\.\COM4
2026-03-18 01:58:03 | INFO | Sent command='REV' bytes=4 port=\\.\COM4
2026-03-18 01:58:04 | INFO | Sent command='STOP' bytes=5 port=\\.\COM4
2026-03-18 01:58:04 | INFO | Sent command='REV' bytes=4 port=\\.\COM4
2026-03-18 01:58:04 | INFO | Sent command='STOP' bytes=5 port=\\.\COM4
2026-03-18 01:58:04 | INFO | Sent command='REV' bytes=4 port=\\.\COM4
2026-03-18 01:58:06 | INFO | Sent command='STOP' bytes=5 port=\\.\COM4
2026-03-18 01:58:06 | INFO | Sent command='REV' bytes=4 port=\\.\COM4
2026-03-18 01:58:06 | INFO | Sent command='STOP' bytes=5 port=\\.\COM4
2026-03-18 01:58:07 | INFO | Sent command='REV' bytes=4 port=\\.\COM4
2026-03-18 01:58:07 | INFO | Sent command='STOP' bytes=5 port=\\.\COM4
2026-03-18 01:58:07 | INFO | Sent command='REV' bytes=4 port=\\.\COM4
2026-03-18 01:58:07 | INFO | Sent command='STOP' bytes=5 port=\\.\COM4
2026-03-18 01:58:08 | INFO | Sent command='REV' bytes=4 port=\\.\COM4
2026-03-18 01:58:08 | INFO | Sent command='STOP' bytes=5 port=\\.\COM4
2026-03-18 01:58:08 | INFO | Sent command='REV' bytes=4 port=\\.\COM4
2026-03-18 01:58:08 | INFO | Sent command='STOP' bytes=5 port=\\.\COM4
2026-03-18 01:58:08 | INFO | Sent command='REV' bytes=4 port=\\.\COM4
2026-03-18 01:58:08 | INFO | Sent command='STOP' bytes=5 port=\\.\COM4
2026-03-18 01:58:08 | INFO | Sent command='REV' bytes=4 port=\\.\COM4
2026-03-18 01:58:08 | INFO | Sent command='STOP' bytes=5 port=\\.\COM4
2026-03-18 01:58:09 | INFO | Sent command='REV' bytes=4 port=\\.\COM4
2026-03-18 01:58:09 | INFO | Sent command='STOP' bytes=5 port=\\.\COM4
2026-03-18 01:58:09 | INFO | Sent command='REV' bytes=4 port=\\.\COM4
2026-03-18 01:58:09 | INFO | Sent command='STOP' bytes=5 port=\\.\COM4
2026-03-18 01:58:09 | INFO | Sent command='REV' bytes=4 port=\\.\COM4
2026-03-18 01:58:09 | INFO | Sent command='STOP' bytes=5 port=\\.\COM4
2026-03-18 01:58:10 | INFO | Sent command='REV' bytes=4 port=\\.\COM4
2026-03-18 01:58:10 | INFO | Sent command='STOP' bytes=5 port=\\.\COM4
2026-03-18 01:58:10 | INFO | Sent command='REV' bytes=4 port=\\.\COM4
2026-03-18 01:58:10 | INFO | Sent command='STOP' bytes=5 port=\\.\COM4
2026-03-18 01:58:11 | INFO | Sent command='REV' bytes=4 port=\\.\COM4
2026-03-18 01:58:11 | INFO | Sent command='STOP' bytes=5 port=\\.\COM4
2026-03-18 01:58:11 | INFO | Sent command='REV' bytes=4 port=\\.\COM4
2026-03-18 01:58:11 | INFO | Sent command='STOP' bytes=5 port=\\.\COM4
2026-03-18 01:58:12 | INFO | Sent command='REV' bytes=4 port=\\.\COM4
2026-03-18 01:58:12 | INFO | Sent command='STOP' bytes=5 port=\\.\COM4
2026-03-18 01:58:13 | INFO | Sent command='REV' bytes=4 port=\\.\COM4
2026-03-18 01:58:13 | INFO | Sent command='STOP' bytes=5 port=\\.\COM4
2026-03-18 01:58:13 | INFO | Sent command='REV' bytes=4 port=\\.\COM4
2026-03-18 01:58:14 | INFO | Sent command='STOP' bytes=5 port=\\.\COM4
2026-03-18 01:58:14 | INFO | Sent command='REV' bytes=4 port=\\.\COM4
2026-03-18 01:58:14 | INFO | Sent command='STOP' bytes=5 port=\\.\COM4
2026-03-18 01:58:14 | INFO | Sent command='REV' bytes=4 port=\\.\COM4
2026-03-18 01:58:14 | INFO | Sent command='STOP' bytes=5 port=\\.\COM4
2026-03-18 01:58:15 | INFO | Sent command='REV' bytes=4 port=\\.\COM4
2026-03-18 01:58:15 | INFO | Sent command='STOP' bytes=5 port=\\.\COM4
2026-03-18 01:58:15 | INFO | Sent command='REV' bytes=4 port=\\.\COM4
2026-03-18 01:58:15 | INFO | Sent command='STOP' bytes=5 port=\\.\COM4
2026-03-18 01:58:15 | INFO | Sent command='REV' bytes=4 port=\\.\COM4
2026-03-18 01:58:16 | INFO | Sent command='STOP' bytes=5 port=\\.\COM4
2026-03-18 01:58:16 | INFO | Sent command='REV' bytes=4 port=\\.\COM4
2026-03-18 01:58:16 | INFO | Sent command='STOP' bytes=5 port=\\.\COM4
2026-03-18 01:58:16 | INFO | Sent command='REV' bytes=4 port=\\.\COM4
2026-03-18 01:58:16 | INFO | Sent command='STOP' bytes=5 port=\\.\COM4
2026-03-18 01:58:17 | INFO | Sent command='REV' bytes=4 port=\\.\COM4
2026-03-18 01:58:17 | INFO | Sent command='STOP' bytes=5 port=\\.\COM4
2026-03-18 01:58:17 | INFO | Sent command='REV' bytes=4 port=\\.\COM4
2026-03-18 01:58:17 | INFO | Sent command='STOP' bytes=5 port=\\.\COM4
2026-03-18 01:58:17 | INFO | Sent command='REV' bytes=4 port=\\.\COM4
2026-03-18 01:58:18 | INFO | Sent command='STOP' bytes=5 port=\\.\COM4
2026-03-18 01:58:18 | INFO | Sent command='REV' bytes=4 port=\\.\COM4
2026-03-18 01:58:19 | INFO | Sent command='STOP' bytes=5 port=\\.\COM4
2026-03-18 01:58:19 | INFO | Sent command='REV' bytes=4 port=\\.\COM4
2026-03-18 01:58:20 | INFO | Sent command='STOP' bytes=5 port=\\.\COM4
2026-03-18 01:58:20 | INFO | Sent command='REV' bytes=4 port=\\.\COM4
2026-03-18 01:58:20 | INFO | Sent command='STOP' bytes=5 port=\\.\COM4
2026-03-18 01:59:38 | INFO | Sent command='REV' bytes=4 port=\\.\COM4
2026-03-18 01:59:38 | INFO | Sent command='STOP' bytes=5 port=\\.\COM4
2026-03-18 01:59:40 | INFO | Sent command='REV' bytes=4 port=\\.\COM4
2026-03-18 01:59:40 | INFO | Sent command='STOP' bytes=5 port=\\.\COM4
2026-03-18 01:59:41 | INFO | Sent command='REV' bytes=4 port=\\.\COM4
2026-03-18 01:59:41 | INFO | Sent command='STOP' bytes=5 port=\\.\COM4
2026-03-18 01:59:42 | INFO | Sent command='REV' bytes=4 port=\\.\COM4
2026-03-18 01:59:42 | INFO | Sent command='STOP' bytes=5 port=\\.\COM4
2026-03-18 01:59:42 | INFO | Sent command='REV' bytes=4 port=\\.\COM4
2026-03-18 01:59:42 | INFO | Sent command='STOP' bytes=5 port=\\.\COM4
2026-03-18 01:59:43 | INFO | Sent command='REV' bytes=4 port=\\.\COM4
2026-03-18 01:59:43 | INFO | Sent command='STOP' bytes=5 port=\\.\COM4
2026-03-18 01:59:43 | INFO | Sent command='REV' bytes=4 port=\\.\COM4
2026-03-18 01:59:43 | INFO | Sent command='STOP' bytes=5 port=\\.\COM4
2026-03-18 01:59:44 | INFO | Sent command='REV' bytes=4 port=\\.\COM4
2026-03-18 01:59:44 | INFO | Sent command='STOP' bytes=5 port=\\.\COM4
2026-03-18 01:59:44 | INFO | Sent command='REV' bytes=4 port=\\.\COM4
2026-03-18 01:59:45 | INFO | Sent command='STOP' bytes=5 port=\\.\COM4
2026-03-18 01:59:46 | INFO | Sent command='REV' bytes=4 port=\\.\COM4
2026-03-18 01:59:46 | INFO | Sent command='STOP' bytes=5 port=\\.\COM4
2026-03-18 01:59:46 | INFO | Sent command='REV' bytes=4 port=\\.\COM4
2026-03-18 01:59:46 | INFO | Sent command='STOP' bytes=5 port=\\.\COM4
2026-03-18 01:59:46 | INFO | Sent command='REV' bytes=4 port=\\.\COM4
2026-03-18 01:59:47 | INFO | Sent command='STOP' bytes=5 port=\\.\COM4
2026-03-18 01:59:48 | INFO | Sent command='FWD' bytes=4 port=\\.\COM4
2026-03-18 01:59:48 | INFO | Sent command='STOP' bytes=5 port=\\.\COM4
2026-03-18 01:59:48 | INFO | Sent command='FWD' bytes=4 port=\\.\COM4
2026-03-18 01:59:48 | INFO | Sent command='STOP' bytes=5 port=\\.\COM4
2026-03-18 01:59:49 | INFO | Sent command='FWD' bytes=4 port=\\.\COM4
2026-03-18 01:59:49 | INFO | Sent command='STOP' bytes=5 port=\\.\COM4
2026-03-18 01:59:49 | INFO | Sent command='FWD' bytes=4 port=\\.\COM4
2026-03-18 01:59:50 | INFO | Sent command='STOP' bytes=5 port=\\.\COM4
2026-03-18 01:59:50 | INFO | Sent command='FWD' bytes=4 port=\\.\COM4
2026-03-18 01:59:51 | INFO | Sent command='STOP' bytes=5 port=\\.\COM4
2026-03-18 01:59:51 | INFO | Sent command='REV' bytes=4 port=\\.\COM4
2026-03-18 01:59:51 | INFO | Sent command='STOP' bytes=5 port=\\.\COM4
2026-03-18 01:59:52 | INFO | Sent command='REV' bytes=4 port=\\.\COM4
2026-03-18 01:59:52 | INFO | Sent command='STOP' bytes=5 port=\\.\COM4
2026-03-18 01:59:52 | INFO | Sent command='REV' bytes=4 port=\\.\COM4
2026-03-18 01:59:52 | INFO | Sent command='STOP' bytes=5 port=\\.\COM4
2026-03-18 01:59:52 | INFO | Sent command='REV' bytes=4 port=\\.\COM4
2026-03-18 01:59:52 | INFO | Sent command='STOP' bytes=5 port=\\.\COM4
2026-03-18 01:59:52 | INFO | Sent command='REV' bytes=4 port=\\.\COM4
2026-03-18 01:59:53 | INFO | Sent command='STOP' bytes=5 port=\\.\COM4
2026-03-18 01:59:53 | INFO | Sent command='REV' bytes=4 port=\\.\COM4
2026-03-18 01:59:53 | INFO | Sent command='STOP' bytes=5 port=\\.\COM4
2026-03-18 01:59:54 | INFO | Sent command='REV' bytes=4 port=\\.\COM4
2026-03-18 01:59:54 | INFO | Sent command='STOP' bytes=5 port=\\.\COM4
2026-03-18 01:59:54 | INFO | Sent command='REV' bytes=4 port=\\.\COM4
2026-03-18 01:59:54 | INFO | Sent command='STOP' bytes=5 port=\\.\COM4
2026-03-18 01:59:54 | INFO | Sent command='REV' bytes=4 port=\\.\COM4
2026-03-18 01:59:54 | INFO | Sent command='STOP' bytes=5 port=\\.\COM4
2026-03-18 01:59:55 | INFO | Sent command='REV' bytes=4 port=\\.\COM4
2026-03-18 01:59:55 | INFO | Sent command='STOP' bytes=5 port=\\.\COM4
2026-03-18 01:59:55 | INFO | Sent command='REV' bytes=4 port=\\.\COM4
2026-03-18 01:59:55 | INFO | Sent command='STOP' bytes=5 port=\\.\COM4
2026-03-18 01:59:55 | INFO | Sent command='REV' bytes=4 port=\\.\COM4
2026-03-18 01:59:56 | INFO | Sent command='STOP' bytes=5 port=\\.\COM4
2026-03-18 01:59:56 | INFO | Sent command='REV' bytes=4 port=\\.\COM4
2026-03-18 01:59:57 | INFO | Sent command='STOP' bytes=5 port=\\.\COM4
2026-03-18 01:59:57 | INFO | Sent command='FWD' bytes=4 port=\\.\COM4
2026-03-18 01:59:57 | INFO | Sent command='STOP' bytes=5 port=\\.\COM4
2026-03-18 01:59:58 | INFO | Sent command='FWD' bytes=4 port=\\.\COM4
2026-03-18 01:59:58 | INFO | Sent command='STOP' bytes=5 port=\\.\COM4
2026-03-18 01:59:58 | INFO | Sent command='FWD' bytes=4 port=\\.\COM4
2026-03-18 01:59:59 | INFO | Sent command='STOP' bytes=5 port=\\.\COM4
2026-03-18 01:59:59 | INFO | Sent command='REV' bytes=4 port=\\.\COM4
2026-03-18 01:59:59 | INFO | Sent command='STOP' bytes=5 port=\\.\COM4
2026-03-18 01:59:59 | INFO | Sent command='REV' bytes=4 port=\\.\COM4
2026-03-18 02:00:00 | INFO | Sent command='STOP' bytes=5 port=\\.\COM4
2026-03-18 02:00:00 | INFO | Sent command='REV' bytes=4 port=\\.\COM4
2026-03-18 02:00:01 | INFO | Sent command='STOP' bytes=5 port=\\.\COM4
2026-03-18 02:00:01 | INFO | Sent command='FWD' bytes=4 port=\\.\COM4
2026-03-18 02:00:01 | INFO | Sent command='STOP' bytes=5 port=\\.\COM4
2026-03-18 02:00:02 | INFO | Sent command='FWD' bytes=4 port=\\.\COM4
2026-03-18 02:00:02 | INFO | Sent command='STOP' bytes=5 port=\\.\COM4
2026-03-18 02:00:02 | INFO | Sent command='FWD' bytes=4 port=\\.\COM4
2026-03-18 02:00:02 | INFO | Sent command='STOP' bytes=5 port=\\.\COM4
2026-03-18 02:00:02 | INFO | Sent command='FWD' bytes=4 port=\\.\COM4
2026-03-18 02:00:02 | INFO | Sent command='STOP' bytes=5 port=\\.\COM4
2026-03-18 02:00:03 | INFO | Sent command='FWD' bytes=4 port=\\.\COM4
2026-03-18 02:00:03 | INFO | Sent command='STOP' bytes=5 port=\\.\COM4
2026-03-18 02:00:03 | INFO | Sent command='FWD' bytes=4 port=\\.\COM4
2026-03-18 02:00:03 | INFO | Sent command='STOP' bytes=5 port=\\.\COM4
2026-03-18 02:00:03 | INFO | Sent command='FWD' bytes=4 port=\\.\COM4
2026-03-18 02:00:04 | INFO | Sent command='STOP' bytes=5 port=\\.\COM4
2026-03-18 02:00:04 | INFO | Sent command='FWD' bytes=4 port=\\.\COM4
2026-03-18 02:00:04 | INFO | Sent command='STOP' bytes=5 port=\\.\COM4
2026-03-18 02:00:05 | INFO | Sent command='FWD' bytes=4 port=\\.\COM4
2026-03-18 02:00:05 | INFO | Sent command='STOP' bytes=5 port=\\.\COM4
2026-03-18 02:00:05 | INFO | Sent command='FWD' bytes=4 port=\\.\COM4
2026-03-18 02:00:05 | INFO | Sent command='STOP' bytes=5 port=\\.\COM4
2026-03-18 02:00:05 | INFO | Sent command='FWD' bytes=4 port=\\.\COM4
2026-03-18 02:00:06 | INFO | Sent command='STOP' bytes=5 port=\\.\COM4
2026-03-18 02:00:06 | INFO | Sent command='FWD' bytes=4 port=\\.\COM4
2026-03-18 02:00:06 | INFO | Sent command='STOP' bytes=5 port=\\.\COM4
2026-03-18 02:00:07 | INFO | Sent command='REV' bytes=4 port=\\.\COM4
2026-03-18 02:00:07 | INFO | Sent command='STOP' bytes=5 port=\\.\COM4
2026-03-18 02:00:07 | INFO | Sent command='REV' bytes=4 port=\\.\COM4
2026-03-18 02:00:08 | INFO | Sent command='STOP' bytes=5 port=\\.\COM4
2026-03-18 02:00:08 | INFO | Sent command='FWD' bytes=4 port=\\.\COM4
2026-03-18 02:00:10 | INFO | Sent command='STOP' bytes=5 port=\\.\COM4
2026-03-18 02:00:11 | INFO | Sent command='REV' bytes=4 port=\\.\COM4
2026-03-18 02:00:12 | INFO | Sent command='STOP' bytes=5 port=\\.\COM4
2026-03-18 02:00:12 | INFO | Sent command='FWD' bytes=4 port=\\.\COM4
2026-03-18 02:00:12 | INFO | Sent command='STOP' bytes=5 port=\\.\COM4
2026-03-18 02:00:13 | INFO | Sent command='REV' bytes=4 port=\\.\COM4
2026-03-18 02:00:13 | INFO | Sent command='STOP' bytes=5 port=\\.\COM4
2026-03-18 02:00:13 | INFO | Sent command='FWD' bytes=4 port=\\.\COM4
2026-03-18 02:00:13 | INFO | Sent command='STOP' bytes=5 port=\\.\COM4
2026-03-18 02:00:13 | INFO | Sent command='REV' bytes=4 port=\\.\COM4
2026-03-18 02:00:13 | INFO | Sent command='STOP' bytes=5 port=\\.\COM4
2026-03-18 02:00:14 | INFO | Sent command='FWD' bytes=4 port=\\.\COM4
2026-03-18 02:00:14 | INFO | Sent command='STOP' bytes=5 port=\\.\COM4
2026-03-18 02:00:14 | INFO | Sent command='REV' bytes=4 port=\\.\COM4
2026-03-18 02:00:14 | INFO | Sent command='STOP' bytes=5 port=\\.\COM4
2026-03-18 02:00:14 | INFO | Sent command='FWD' bytes=4 port=\\.\COM4
2026-03-18 02:00:14 | INFO | Sent command='STOP' bytes=5 port=\\.\COM4
2026-03-18 02:00:14 | INFO | Sent command='REV' bytes=4 port=\\.\COM4
2026-03-18 02:00:15 | INFO | Sent command='STOP' bytes=5 port=\\.\COM4
2026-03-18 02:00:15 | INFO | Sent command='FWD' bytes=4 port=\\.\COM4
2026-03-18 02:00:15 | INFO | Sent command='STOP' bytes=5 port=\\.\COM4
2026-03-18 02:00:15 | INFO | Sent command='REV' bytes=4 port=\\.\COM4
2026-03-18 02:00:15 | INFO | Sent command='STOP' bytes=5 port=\\.\COM4
2026-03-18 02:00:15 | INFO | Sent command='FWD' bytes=4 port=\\.\COM4
2026-03-18 02:00:16 | INFO | Sent command='STOP' bytes=5 port=\\.\COM4
2026-03-18 02:13:29 | INFO | Sent command='FWD' bytes=4 port=\\.\COM4
2026-03-18 02:13:29 | INFO | Sent command='STOP' bytes=5 port=\\.\COM4
2026-03-18 02:13:31 | INFO | Sent command='REV' bytes=4 port=\\.\COM4
2026-03-18 02:13:31 | INFO | Sent command='STOP' bytes=5 port=\\.\COM4
2026-03-18 02:13:31 | INFO | Sent command='REV' bytes=4 port=\\.\COM4
2026-03-18 02:13:32 | INFO | Sent command='STOP' bytes=5 port=\\.\COM4
2026-03-18 02:13:32 | INFO | Sent command='FWD' bytes=4 port=\\.\COM4
2026-03-18 02:13:33 | INFO | Sent command='STOP' bytes=5 port=\\.\COM4
2026-03-18 02:13:33 | INFO | Sent command='REV' bytes=4 port=\\.\COM4
2026-03-18 02:13:33 | INFO | Sent command='STOP' bytes=5 port=\\.\COM4
2026-03-18 02:13:33 | INFO | Sent command='REV' bytes=4 port=\\.\COM4
2026-03-18 02:13:33 | INFO | Sent command='STOP' bytes=5 port=\\.\COM4
2026-03-18 02:13:33 | INFO | Sent command='REV' bytes=4 port=\\.\COM4
2026-03-18 02:13:34 | INFO | Sent command='STOP' bytes=5 port=\\.\COM4
2026-03-18 02:13:34 | INFO | Sent command='FWD' bytes=4 port=\\.\COM4
2026-03-18 02:13:34 | INFO | Sent command='STOP' bytes=5 port=\\.\COM4
2026-03-18 02:13:35 | INFO | Sent command='REV' bytes=4 port=\\.\COM4
2026-03-18 02:13:35 | INFO | Sent command='STOP' bytes=5 port=\\.\COM4
2026-03-18 02:13:35 | INFO | Sent command='FWD' bytes=4 port=\\.\COM4
2026-03-18 02:13:35 | INFO | Sent command='STOP' bytes=5 port=\\.\COM4
2026-03-18 02:13:40 | INFO | Sent command='REV' bytes=4 port=\\.\COM4
2026-03-18 02:13:40 | INFO | Sent command='STOP' bytes=5 port=\\.\COM4
2026-03-18 02:13:40 | INFO | Sent command='REV' bytes=4 port=\\.\COM4
2026-03-18 02:13:40 | INFO | Sent command='STOP' bytes=5 port=\\.\COM4
2026-03-18 02:13:40 | INFO | Sent command='REV' bytes=4 port=\\.\COM4
2026-03-18 02:13:41 | INFO | Sent command='STOP' bytes=5 port=\\.\COM4
2026-03-18 02:13:41 | INFO | Sent command='FWD' bytes=4 port=\\.\COM4
2026-03-18 02:13:41 | INFO | Sent command='STOP' bytes=5 port=\\.\COM4
2026-03-18 02:13:42 | INFO | Sent command='REV' bytes=4 port=\\.\COM4
2026-03-18 02:13:42 | INFO | Sent command='STOP' bytes=5 port=\\.\COM4
2026-03-18 02:13:43 | INFO | Sent command='FWD' bytes=4 port=\\.\COM4
2026-03-18 02:13:44 | INFO | Sent command='STOP' bytes=5 port=\\.\COM4
2026-03-18 02:13:44 | INFO | Sent command='REV' bytes=4 port=\\.\COM4
2026-03-18 02:13:44 | INFO | Sent command='STOP' bytes=5 port=\\.\COM4
